SF:lib\data\app_bloc\authentication\authentication_state.dart
DA:7,4
DA:13,2
DA:15,2
DA:16,2
DA:18,0
DA:19,0
DA:21,3
DA:22,3
DA:27,3
DA:28,3
DA:30,1
DA:31,3
LF:12
LH:10
end_of_record
SF:lib\data\app_bloc\authentication\authentication_event.dart
DA:5,1
DA:7,0
DA:8,0
DA:12,1
DA:16,0
DA:17,0
DA:21,0
DA:25,0
DA:26,0
LF:9
LH:2
end_of_record
SF:lib\data\app_bloc\authentication\authentication_bloc.dart
DA:14,2
DA:16,6
DA:17,4
DA:21,4
DA:22,4
DA:23,6
DA:24,5
DA:32,1
DA:33,3
DA:34,2
DA:39,1
DA:40,2
DA:43,1
DA:45,3
DA:48,1
DA:49,2
DA:52,3
DA:54,1
DA:56,2
DA:57,1
LF:20
LH:20
end_of_record
SF:lib\data\app_bloc\auth_repository\repository.dart
DA:19,3
DA:26,1
DA:28,1
DA:32,1
DA:36,1
DA:40,1
DA:44,1
DA:63,3
DA:69,1
DA:71,1
DA:75,1
DA:79,1
DA:83,1
DA:106,3
DA:112,1
DA:114,1
DA:118,1
DA:122,1
DA:126,1
DA:130,1
DA:134,1
DA:138,1
DA:142,1
DA:162,2
DA:168,1
DA:170,2
DA:175,1
DA:176,2
DA:177,1
DA:189,1
DA:193,1
DA:194,0
DA:195,0
DA:241,1
DA:242,4
DA:243,0
DA:244,2
DA:251,1
DA:252,2
DA:258,1
DA:266,2
DA:273,0
DA:274,0
DA:275,0
DA:276,0
DA:277,0
DA:280,0
DA:290,0
DA:292,0
DA:293,0
DA:294,0
DA:295,0
DA:319,0
DA:322,0
DA:323,0
DA:324,0
DA:327,0
DA:329,0
DA:330,0
DA:331,0
DA:332,0
DA:333,0
DA:337,0
DA:338,0
DA:339,0
DA:349,1
DA:354,2
DA:358,1
DA:359,2
DA:368,0
DA:378,0
DA:379,0
DA:389,1
DA:391,2
DA:392,2
DA:393,2
DA:395,1
DA:396,1
DA:405,0
DA:407,0
DA:408,0
DA:409,0
DA:410,0
DA:411,0
DA:412,0
DA:413,0
DA:414,0
LF:87
LH:48
end_of_record
SF:lib\data\app_bloc\auth_repository\user.dart
DA:14,3
DA:87,0
DA:90,4
DA:93,0
DA:110,0
DA:111,0
DA:112,0
DA:113,0
DA:114,0
DA:115,0
DA:116,0
DA:117,0
DA:118,0
DA:119,0
DA:120,0
DA:121,0
DA:122,0
DA:123,0
DA:124,0
DA:125,0
DA:130,0
DA:131,0
DA:132,0
DA:133,0
DA:134,0
DA:135,0
DA:136,0
DA:137,0
DA:138,0
DA:139,0
DA:140,0
DA:141,0
DA:142,0
DA:143,0
DA:144,0
DA:150,3
DA:151,15
LF:37
LH:4
end_of_record
SF:lib\data\app_bloc\login_bloc\login_state.dart
DA:5,2
DA:19,1
DA:20,6
DA:22,1
DA:29,1
DA:30,1
DA:31,1
DA:32,1
DA:33,1
DA:34,1
LF:10
LH:10
end_of_record
SF:lib\data\app_bloc\login_bloc\login_cubit.dart
DA:13,1
DA:15,1
DA:21,1
DA:22,1
DA:23,1
DA:24,2
DA:26,4
DA:32,1
DA:33,1
DA:34,1
DA:35,2
DA:37,4
DA:59,1
DA:60,2
DA:61,3
DA:63,2
DA:64,3
DA:65,3
DA:67,3
DA:68,1
DA:69,0
DA:70,0
DA:71,0
DA:76,3
DA:97,0
DA:98,0
DA:100,0
DA:101,0
DA:102,0
DA:103,0
DA:104,0
DA:105,0
DA:110,0
LF:33
LH:21
end_of_record
SF:lib\data\app_bloc\login_bloc\login_models.dart
DA:15,4
DA:18,6
DA:20,9
DA:24,3
DA:26,6
DA:43,4
DA:46,6
DA:48,6
DA:49,3
DA:51,3
DA:53,6
DA:70,2
DA:73,2
DA:74,2
DA:79,2
DA:81,4
LF:16
LH:16
end_of_record
SF:lib\data\app_bloc\signup_bloc\sign_up_cubit.dart
DA:11,2
DA:15,1
DA:16,1
DA:17,1
DA:18,2
DA:20,2
DA:22,2
DA:23,2
DA:29,1
DA:30,1
DA:31,1
DA:32,1
DA:33,3
DA:35,1
DA:36,2
DA:39,2
DA:40,2
DA:48,1
DA:49,1
DA:50,3
DA:53,1
DA:54,2
DA:56,2
DA:57,2
DA:58,2
DA:65,1
DA:66,2
DA:67,3
DA:69,2
DA:70,3
DA:71,3
DA:73,3
DA:74,1
DA:75,1
DA:76,2
DA:77,1
DA:82,3
LF:37
LH:37
end_of_record
SF:lib\data\app_bloc\signup_bloc\sign_up_state.dart
DA:6,1
DA:22,1
DA:23,1
DA:24,1
DA:25,1
DA:26,1
DA:27,1
DA:28,1
DA:29,1
DA:32,1
DA:40,1
DA:41,1
DA:42,1
DA:43,1
DA:44,1
DA:45,1
DA:46,1
LF:17
LH:17
end_of_record
SF:lib\data\database\firebase_manager.dart
DA:15,1
DA:16,0
DA:17,0
DA:18,2
DA:20,0
DA:24,0
DA:27,0
DA:30,2
DA:31,1
DA:32,1
DA:33,1
DA:34,0
DA:35,0
DA:40,1
DA:41,5
DA:43,1
DA:44,5
DA:53,1
DA:54,3
DA:56,1
DA:58,2
DA:64,1
DA:65,1
DA:67,1
DA:68,1
DA:69,1
DA:71,4
DA:73,5
DA:74,1
DA:75,2
DA:76,1
DA:77,1
DA:79,1
DA:84,1
DA:85,1
DA:86,3
DA:87,1
DA:88,1
DA:89,1
DA:92,3
DA:93,1
DA:94,1
DA:95,1
DA:105,1
DA:106,1
DA:107,3
DA:108,1
DA:109,1
DA:110,1
DA:113,5
DA:114,3
DA:115,1
DA:116,1
DA:123,1
DA:129,1
DA:131,6
DA:132,2
DA:133,1
DA:134,1
DA:142,0
DA:144,0
DA:149,1
DA:150,1
DA:151,1
DA:152,1
DA:153,4
DA:154,1
DA:157,1
DA:161,1
DA:162,1
DA:163,2
DA:164,4
DA:165,1
DA:168,1
DA:172,1
DA:173,1
DA:174,2
DA:175,3
DA:176,1
DA:179,1
DA:184,1
DA:185,1
DA:186,2
DA:187,4
DA:188,1
DA:193,1
DA:199,1
DA:200,1
DA:201,2
DA:202,3
DA:203,1
DA:208,1
DA:214,4
DA:219,0
DA:221,0
DA:226,0
DA:228,0
DA:233,0
DA:234,0
DA:237,0
DA:241,0
DA:244,0
DA:247,0
DA:250,0
DA:251,0
DA:254,0
DA:256,0
DA:257,0
DA:258,0
DA:261,0
DA:262,0
DA:263,0
DA:264,0
DA:265,0
DA:266,0
DA:267,0
DA:275,0
DA:276,0
DA:277,0
DA:278,0
DA:279,0
DA:280,0
DA:282,0
DA:283,0
DA:284,0
DA:285,0
DA:286,0
DA:287,0
DA:296,0
DA:298,0
DA:299,0
DA:300,0
DA:301,0
DA:302,0
DA:303,0
DA:304,0
DA:305,0
DA:306,0
DA:307,0
DA:308,0
DA:309,0
DA:310,0
DA:311,0
DA:312,0
DA:313,0
DA:314,0
DA:315,0
DA:325,0
DA:326,0
DA:327,0
DA:328,0
DA:329,0
DA:332,0
DA:333,0
DA:358,0
DA:362,1
DA:363,2
DA:365,5
DA:366,1
DA:367,2
DA:368,1
DA:369,1
DA:371,1
DA:374,1
DA:375,1
DA:376,6
DA:377,2
DA:378,1
DA:379,0
DA:383,1
DA:384,1
DA:385,1
DA:386,2
DA:387,1
DA:388,5
DA:389,1
DA:392,1
DA:393,1
DA:394,1
DA:395,1
DA:396,4
DA:397,1
LF:182
LH:110
end_of_record
SF:lib\data\database\model\note_model.dart
DA:27,2
DA:43,2
DA:44,2
DA:46,2
DA:47,2
DA:48,2
DA:49,2
DA:50,2
DA:52,6
DA:54,4
DA:55,2
DA:56,2
DA:57,0
DA:59,4
DA:60,3
DA:61,2
DA:62,2
DA:63,2
DA:64,4
DA:68,2
DA:69,2
DA:70,2
DA:71,2
DA:72,2
DA:73,2
DA:74,2
DA:75,2
DA:76,2
DA:77,2
DA:78,2
DA:79,2
DA:80,2
DA:81,2
DA:82,2
DA:85,1
DA:87,4
DA:88,6
DA:89,2
DA:97,2
DA:99,4
DA:100,2
DA:101,2
DA:104,2
DA:105,2
DA:106,2
DA:107,2
DA:110,0
DA:131,2
DA:145,2
DA:147,12
DA:149,2
DA:150,2
DA:151,2
DA:152,2
DA:153,2
DA:154,2
DA:155,2
DA:156,2
DA:157,2
DA:158,2
DA:159,2
DA:160,2
DA:161,2
DA:162,2
DA:163,2
DA:166,4
DA:167,2
DA:168,2
DA:169,2
DA:170,2
DA:171,6
DA:172,2
DA:173,5
DA:174,2
DA:175,4
DA:178,4
DA:179,2
DA:180,2
DA:181,4
DA:182,2
DA:183,0
DA:185,2
DA:186,2
DA:189,0
DA:191,0
DA:192,0
DA:193,0
LF:87
LH:80
end_of_record
SF:lib\data\database\model\user_data.dart
DA:12,0
DA:23,0
DA:25,0
DA:26,0
DA:27,0
DA:28,0
DA:29,0
DA:30,0
DA:33,0
DA:35,0
DA:36,0
DA:39,0
DA:40,0
DA:41,0
DA:42,0
DA:43,0
DA:44,0
DA:45,0
DA:46,0
DA:47,0
DA:50,0
DA:52,0
LF:22
LH:0
end_of_record
SF:lib\data\database\model\location_data.dart
DA:12,0
DA:16,0
LF:2
LH:0
end_of_record
SF:lib\data\database\model\app_data.dart
DA:21,0
DA:41,0
DA:45,0
DA:46,0
DA:47,0
DA:48,0
DA:49,0
DA:50,0
DA:51,0
DA:52,0
DA:53,0
DA:54,0
DA:55,0
DA:56,0
DA:57,0
DA:58,0
DA:59,0
DA:60,0
DA:63,0
DA:65,0
DA:68,0
DA:82,0
DA:83,0
DA:84,0
DA:85,0
DA:86,0
DA:87,0
DA:88,0
DA:89,0
DA:90,0
DA:91,0
DA:92,0
DA:93,0
DA:94,0
DA:95,0
LF:35
LH:0
end_of_record
SF:lib\routes.dart
DA:20,0
DA:27,1
DA:31,1
DA:33,2
DA:34,0
DA:38,1
DA:39,1
DA:44,0
DA:45,0
DA:52,1
DA:56,0
DA:60,1
DA:65,0
DA:66,0
DA:86,1
DA:88,1
DA:89,0
DA:90,0
DA:91,1
DA:92,1
DA:96,0
DA:105,1
DA:106,1
DA:111,0
DA:112,1
DA:116,0
DA:118,1
DA:121,0
DA:123,1
DA:126,0
DA:128,1
DA:131,0
DA:133,1
DA:136,0
DA:138,1
DA:142,0
DA:143,0
DA:152,1
DA:155,0
DA:157,1
DA:161,0
DA:162,0
DA:163,0
DA:168,1
DA:173,0
DA:174,1
DA:175,1
DA:179,0
DA:181,1
DA:185,0
DA:193,1
DA:198,0
DA:205,1
DA:206,1
DA:207,3
DA:208,2
DA:214,1
DA:216,2
DA:217,1
LF:59
LH:33
end_of_record
SF:lib\data\app_bloc.dart
DA:16,0
DA:18,0
DA:19,0
DA:22,0
DA:24,0
DA:25,0
LF:6
LH:0
end_of_record
SF:lib\data\theme_and_language_cubit.dart
DA:10,0
LF:1
LH:0
end_of_record
SF:lib\data\value\styles.dart
DA:8,0
DA:96,0
DA:109,0
DA:111,0
DA:112,0
DA:113,0
DA:114,0
DA:116,0
LF:8
LH:0
end_of_record
SF:lib\data\value\strings.dart
DA:10,0
DA:11,0
DA:16,0
DA:129,0
DA:130,0
DA:131,0
DA:132,0
DA:133,0
DA:134,0
DA:140,0
DA:141,0
DA:142,0
DA:145,0
DA:146,0
DA:149,0
DA:150,0
DA:153,0
DA:154,0
DA:157,0
DA:158,0
LF:20
LH:0
end_of_record
SF:lib\navigation_home_screen.dart
DA:14,1
DA:16,0
DA:17,0
DA:18,0
DA:23,0
DA:24,0
DA:32,0
DA:36,0
DA:39,0
DA:41,0
DA:75,0
DA:77,0
DA:78,0
DA:81,0
DA:83,0
DA:163,0
DA:164,0
DA:189,0
DA:190,0
DA:191,0
DA:192,0
DA:193,0
DA:194,0
DA:195,0
DA:196,0
DA:197,0
LF:26
LH:1
end_of_record
SF:lib\src\pages\setting_page.dart
DA:16,1
DA:21,0
DA:22,0
DA:29,0
DA:30,0
DA:31,0
DA:32,0
DA:33,0
DA:34,0
DA:35,0
DA:36,0
DA:37,0
DA:39,0
DA:44,0
DA:45,0
DA:54,0
DA:59,0
DA:62,0
DA:65,0
DA:66,0
DA:67,0
DA:72,0
DA:74,0
DA:75,0
DA:77,0
DA:78,0
DA:79,0
DA:82,0
DA:84,0
DA:85,0
DA:86,0
DA:87,0
DA:88,0
DA:89,0
DA:90,0
DA:91,0
DA:93,0
DA:95,0
DA:96,0
DA:97,0
DA:107,0
DA:109,0
DA:119,0
DA:121,0
DA:131,0
DA:132,0
DA:134,0
DA:144,0
DA:145,0
DA:147,0
DA:157,0
DA:159,0
DA:169,0
DA:177,0
DA:179,0
DA:180,0
DA:181,0
DA:182,0
DA:183,0
DA:184,0
DA:185,0
DA:186,0
DA:187,0
DA:189,0
DA:190,0
DA:191,0
DA:200,0
DA:205,0
DA:206,0
DA:212,0
DA:213,0
DA:214,0
DA:215,0
DA:217,0
DA:218,0
DA:245,0
DA:247,0
DA:248,0
DA:250,0
DA:251,0
DA:253,0
DA:254,0
DA:255,0
DA:261,0
DA:263,0
DA:265,0
DA:267,0
DA:273,0
DA:274,0
DA:275,0
DA:276,0
DA:277,0
DA:281,0
DA:283,0
DA:290,0
DA:291,0
DA:292,0
DA:293,0
DA:294,0
DA:298,0
DA:300,0
DA:310,0
DA:316,0
DA:318,0
DA:319,0
DA:321,0
DA:322,0
DA:324,0
DA:325,0
DA:326,0
DA:333,0
DA:335,0
DA:342,0
DA:343,0
DA:353,0
DA:354,0
DA:355,0
DA:356,0
DA:357,0
DA:363,0
DA:364,0
DA:369,0
DA:373,0
DA:379,0
LF:124
LH:1
end_of_record
SF:lib\src\backgound_ui.dart
DA:8,0
DA:9,0
DA:17,0
DA:20,0
DA:21,0
DA:22,0
DA:23,0
DA:24,0
DA:29,0
DA:31,0
LF:10
LH:0
end_of_record
SF:lib\src\pages\pages\archived_note_screen.dart
DA:5,1
DA:7,0
DA:8,0
DA:14,0
DA:16,0
DA:17,0
DA:18,0
DA:21,0
DA:23,0
DA:24,0
DA:27,0
DA:28,0
DA:29,0
DA:30,0
DA:34,0
DA:53,0
DA:54,0
DA:55,0
DA:57,0
DA:59,0
DA:60,0
DA:62,0
DA:63,0
DA:66,0
DA:67,0
DA:71,0
DA:72,0
LF:27
LH:1
end_of_record
SF:lib\src\pages\pages\feedback_screen.dart
DA:6,1
DA:7,0
DA:8,0
DA:12,0
DA:14,0
DA:17,0
DA:19,0
DA:21,0
DA:23,0
DA:25,0
DA:26,0
DA:27,0
DA:28,0
DA:29,0
DA:30,0
DA:31,0
DA:32,0
DA:35,0
DA:37,0
DA:47,0
DA:57,0
DA:58,0
DA:60,0
DA:61,0
DA:64,0
DA:68,0
DA:69,0
DA:70,0
DA:75,0
DA:77,0
DA:78,0
DA:79,0
DA:107,0
DA:108,0
DA:110,0
DA:111,0
DA:112,0
DA:113,0
DA:114,0
DA:115,0
DA:116,0
DA:121,0
DA:122,0
DA:123,0
DA:127,0
DA:130,0
DA:132,0
LF:47
LH:1
end_of_record
SF:lib\src\pages\pages\invite_friend_screen.dart
DA:5,1
DA:7,0
DA:8,0
DA:12,0
DA:14,0
DA:17,0
DA:19,0
DA:21,0
DA:24,0
DA:25,0
DA:26,0
DA:27,0
DA:28,0
DA:29,0
DA:31,0
DA:41,0
DA:51,0
DA:52,0
DA:54,0
DA:55,0
DA:58,0
DA:62,0
DA:63,0
DA:64,0
DA:69,0
DA:71,0
DA:72,0
LF:27
LH:1
end_of_record
SF:lib\src\pages\pages\offline_note_screen.dart
DA:5,1
DA:7,0
DA:8,0
DA:13,0
DA:15,0
DA:16,0
DA:17,0
DA:18,0
DA:20,0
LF:9
LH:1
end_of_record
SF:lib\src\pages\pages\help_screen.dart
DA:6,1
DA:7,0
DA:8,0
DA:12,0
DA:14,0
DA:17,0
DA:19,0
DA:21,0
DA:23,0
DA:24,0
DA:25,0
DA:26,0
DA:27,0
DA:28,0
DA:30,0
DA:40,0
DA:50,0
DA:51,0
DA:53,0
DA:54,0
DA:57,0
DA:61,0
DA:62,0
DA:63,0
DA:68,0
DA:70,0
DA:71,0
LF:27
LH:1
end_of_record
SF:lib\on_error_page.dart
DA:9,1
DA:11,0
DA:12,0
DA:15,0
DA:16,0
DA:27,0
DA:29,0
DA:30,0
DA:31,0
DA:32,0
DA:35,0
DA:37,0
DA:38,0
DA:41,0
DA:43,0
DA:44,0
DA:46,0
DA:47,0
DA:48,0
DA:49,0
DA:50,0
DA:51,0
DA:52,0
DA:54,0
DA:55,0
DA:56,0
DA:57,0
DA:58,0
LF:28
LH:1
end_of_record
SF:lib\src\pages\new_text_editor_page.dart
DA:18,0
DA:20,0
DA:21,0
DA:24,0
DA:29,0
DA:36,0
DA:37,0
DA:50,0
DA:52,0
DA:53,0
DA:54,0
DA:56,0
DA:57,0
DA:58,0
DA:59,0
DA:60,0
DA:61,0
DA:65,0
DA:66,0
DA:68,0
DA:71,0
DA:73,0
DA:74,0
DA:78,0
DA:79,0
DA:80,0
DA:81,0
DA:82,0
DA:87,0
DA:88,0
DA:89,0
DA:92,0
DA:93,0
DA:94,0
DA:99,0
DA:100,0
DA:106,0
DA:108,0
DA:109,0
DA:110,0
DA:115,0
DA:117,0
DA:118,0
DA:119,0
DA:120,0
DA:123,0
DA:124,0
DA:125,0
DA:128,0
DA:129,0
DA:130,0
DA:131,0
DA:132,0
DA:136,0
DA:147,0
DA:148,0
DA:149,0
DA:152,0
DA:154,0
DA:155,0
DA:156,0
DA:159,0
DA:160,0
DA:161,0
DA:163,0
DA:165,0
DA:166,0
DA:168,0
DA:169,0
DA:173,0
DA:174,0
DA:175,0
DA:186,0
DA:191,0
DA:192,0
DA:193,0
DA:194,0
DA:195,0
DA:198,0
DA:199,0
DA:200,0
DA:201,0
DA:204,0
DA:206,0
DA:213,0
DA:222,0
DA:224,0
DA:230,0
DA:231,0
DA:232,0
DA:234,0
DA:235,0
DA:236,0
DA:237,0
DA:239,0
DA:240,0
DA:241,0
DA:242,0
DA:243,0
DA:244,0
DA:250,0
DA:251,0
DA:253,0
DA:254,0
DA:258,0
DA:259,0
DA:260,0
LF:107
LH:0
end_of_record
SF:lib\src\pages\about_page.dart
DA:12,1
DA:14,0
DA:15,0
DA:18,0
DA:21,0
DA:30,0
DA:33,0
DA:35,0
DA:36,0
DA:37,0
DA:40,0
DA:41,0
DA:42,0
DA:43,0
DA:55,0
DA:59,0
DA:61,0
DA:65,0
DA:66,0
DA:69,0
DA:71,0
DA:77,0
DA:81,0
DA:82,0
DA:83,0
DA:84,0
DA:85,0
DA:86,0
DA:87,0
DA:90,0
DA:92,0
DA:94,0
DA:95,0
DA:113,0
DA:115,0
DA:119,0
DA:120,0
DA:123,0
DA:125,0
DA:126,0
DA:129,0
DA:130,0
DA:134,0
DA:136,0
DA:141,0
DA:143,0
DA:144,0
DA:147,0
DA:148,0
DA:149,0
DA:151,0
DA:157,0
DA:158,0
DA:159,0
DA:160,0
DA:161,0
DA:162,0
DA:163,0
DA:167,0
DA:169,0
DA:177,0
DA:179,0
DA:184,0
DA:186,0
DA:194,0
DA:195,0
DA:196,0
DA:197,0
DA:198,0
DA:199,0
DA:200,0
DA:204,0
DA:206,0
DA:214,0
DA:216,0
DA:217,0
LF:76
LH:1
end_of_record
SF:lib\src\pages\login\button_login_widget.dart
DA:7,0
DA:9,0
DA:10,0
DA:11,0
DA:12,0
DA:14,0
DA:15,0
DA:17,0
DA:26,0
DA:37,0
DA:38,0
DA:43,0
DA:45,0
DA:46,0
DA:47,0
DA:49,0
DA:51,0
DA:52,0
DA:53,0
DA:55,0
DA:60,0
DA:61,0
DA:66,0
DA:67,0
DA:68,0
DA:74,0
DA:85,0
DA:87,0
DA:88,0
DA:89,0
DA:90,0
DA:91,0
DA:93,0
DA:95,0
DA:97,0
DA:98,0
DA:99,0
DA:100,0
DA:103,0
DA:104,0
DA:128,0
DA:130,0
DA:132,0
DA:133,0
DA:134,0
DA:139,0
DA:140,0
DA:162,0
DA:167,0
DA:169,0
DA:171,0
DA:173,0
DA:178,0
DA:179,0
DA:183,0
DA:197,0
DA:203,0
DA:205,0
DA:206,0
DA:207,0
DA:208,0
DA:210,0
DA:211,0
DA:213,0
DA:217,0
DA:226,0
DA:227,0
DA:234,0
DA:236,0
DA:237,0
DA:238,0
DA:239,0
DA:241,0
DA:242,0
DA:243,0
DA:244,0
DA:246,0
DA:247,0
DA:248,0
DA:249,0
DA:250,0
DA:257,0
DA:296,0
DA:298,0
DA:299,0
DA:300,0
DA:301,0
DA:302,0
DA:304,0
DA:306,0
DA:308,0
DA:309,0
DA:310,0
DA:313,0
DA:314,0
LF:95
LH:0
end_of_record
SF:lib\src\pages\login\login_page.dart
DA:6,1
DA:8,0
DA:9,0
DA:12,0
DA:14,0
DA:16,0
DA:18,0
DA:19,0
DA:20,0
DA:21,0
DA:22,0
DA:35,0
DA:37,0
DA:38,0
DA:42,0
LF:15
LH:1
end_of_record
SF:lib\src\pages\login\signup_form.dart
DA:7,0
DA:9,0
DA:11,0
DA:12,0
DA:13,0
DA:14,0
DA:15,0
DA:16,0
DA:21,0
DA:23,0
DA:25,0
DA:26,0
DA:27,0
DA:28,0
DA:34,0
DA:36,0
DA:38,0
DA:39,0
DA:40,0
DA:42,0
DA:70,0
DA:73,0
DA:99,0
DA:102,0
DA:106,0
LF:25
LH:0
end_of_record
SF:lib\src\pages\login\signin_home.dart
DA:6,0
DA:8,0
DA:9,0
DA:13,0
DA:15,0
DA:16,0
DA:17,0
DA:18,0
DA:19,0
DA:21,0
DA:23,0
DA:25,0
DA:26,0
DA:27,0
DA:28,0
DA:29,0
DA:30,0
DA:31,0
DA:32,0
DA:33,0
DA:34,0
DA:35,0
DA:36,0
DA:37,0
DA:38,0
DA:39,0
DA:40,0
DA:41,0
LF:28
LH:0
end_of_record
SF:lib\src\pages\login\login_form.dart
DA:4,1
DA:6,0
DA:8,0
DA:12,0
DA:14,0
DA:15,0
DA:16,0
DA:17,0
DA:18,0
DA:19,0
DA:20,0
DA:27,0
DA:28,0
DA:29,0
DA:30,0
DA:31,0
DA:32,0
DA:35,0
DA:36,0
DA:41,0
DA:44,0
DA:46,0
DA:47,0
DA:48,0
DA:49,0
DA:50,0
DA:51,0
DA:52,0
DA:57,0
DA:59,0
DA:60,0
DA:61,0
DA:62,0
DA:63,0
DA:65,0
DA:66,0
DA:68,0
DA:79,0
DA:80,0
DA:81,0
DA:82,0
DA:84,0
DA:85,0
DA:86,0
DA:89,0
DA:90,0
DA:91,0
DA:93,0
DA:102,0
DA:103,0
DA:104,0
DA:105,0
DA:111,0
DA:115,0
DA:118,0
DA:123,0
DA:124,0
DA:125,0
DA:127,0
DA:128,0
DA:133,0
DA:135,0
DA:136,0
DA:151,0
DA:159,0
DA:163,0
LF:66
LH:1
end_of_record
SF:lib\src\pages\login\signup_page.dart
DA:6,1
DA:8,0
DA:9,0
DA:12,0
DA:14,0
DA:18,0
DA:20,0
DA:21,0
DA:22,0
DA:24,0
LF:10
LH:1
end_of_record
SF:lib\src\pages\task_editor.dart
DA:14,0
DA:16,0
DA:17,0
DA:35,0
DA:37,0
DA:38,0
DA:39,0
DA:41,0
DA:42,0
DA:43,0
DA:44,0
DA:45,0
DA:46,0
DA:47,0
DA:48,0
DA:49,0
DA:50,0
DA:51,0
DA:53,0
DA:54,0
DA:55,0
DA:56,0
DA:60,0
DA:62,0
DA:63,0
DA:64,0
DA:67,0
DA:68,0
DA:69,0
DA:70,0
DA:74,0
DA:75,0
DA:76,0
DA:78,0
DA:79,0
DA:80,0
DA:81,0
DA:82,0
DA:83,0
DA:84,0
DA:85,0
DA:86,0
DA:87,0
DA:88,0
DA:89,0
DA:92,0
DA:93,0
DA:95,0
DA:99,0
DA:101,0
DA:102,0
DA:107,0
DA:109,0
DA:111,0
DA:114,0
DA:116,0
DA:117,0
DA:120,0
DA:121,0
DA:122,0
DA:123,0
DA:125,0
DA:126,0
DA:127,0
DA:128,0
DA:129,0
DA:134,0
DA:136,0
DA:138,0
DA:139,0
DA:153,0
DA:154,0
DA:155,0
DA:156,0
DA:157,0
DA:158,0
DA:159,0
DA:161,0
DA:162,0
DA:163,0
DA:164,0
DA:165,0
DA:166,0
DA:167,0
DA:168,0
DA:176,0
DA:177,0
DA:178,0
DA:180,0
DA:181,0
DA:182,0
DA:191,0
DA:193,0
DA:201,0
DA:205,0
DA:208,0
DA:211,0
DA:213,0
DA:214,0
DA:215,0
DA:217,0
DA:219,0
DA:221,0
DA:222,0
DA:223,0
DA:225,0
DA:227,0
DA:229,0
DA:230,0
DA:231,0
DA:233,0
DA:235,0
DA:236,0
DA:237,0
DA:238,0
DA:241,0
DA:245,0
DA:246,0
DA:250,0
DA:253,0
DA:254,0
DA:265,0
DA:267,0
DA:269,0
DA:270,0
DA:271,0
DA:274,0
DA:276,0
DA:277,0
DA:279,0
DA:280,0
DA:283,0
DA:294,0
DA:299,0
DA:300,0
DA:301,0
DA:303,0
DA:307,0
DA:309,0
DA:310,0
DA:311,0
DA:312,0
DA:313,0
DA:314,0
DA:315,0
DA:316,0
DA:317,0
DA:325,0
DA:326,0
DA:327,0
DA:331,0
DA:332,0
DA:333,0
DA:334,0
DA:335,0
DA:336,0
DA:337,0
DA:338,0
DA:339,0
DA:347,0
DA:354,0
DA:358,0
DA:359,0
DA:360,0
DA:361,0
DA:362,0
DA:363,0
DA:367,0
DA:369,0
DA:370,0
DA:371,0
DA:377,0
DA:378,0
DA:381,0
DA:382,0
DA:383,0
DA:385,0
DA:386,0
DA:388,0
DA:390,0
DA:400,0
DA:402,0
DA:403,0
DA:404,0
DA:405,0
DA:407,0
DA:410,0
LF:187
LH:0
end_of_record
SF:lib\src\pages\trash_can.dart
DA:8,1
DA:11,0
DA:12,0
DA:24,0
DA:27,0
DA:28,0
DA:30,0
DA:31,0
DA:36,0
DA:37,0
DA:38,0
DA:39,0
DA:43,0
DA:59,0
DA:61,0
DA:63,0
DA:64,0
DA:66,0
DA:68,0
DA:69,0
DA:71,0
DA:72,0
DA:75,0
DA:76,0
DA:81,0
DA:83,0
DA:91,0
DA:92,0
DA:94,0
DA:95,0
DA:98,0
DA:100,0
DA:101,0
DA:102,0
DA:104,0
DA:105,0
DA:108,0
DA:110,0
DA:111,0
DA:112,0
DA:114,0
DA:115,0
LF:42
LH:1
end_of_record
SF:lib\src\pages\pages\home_screen.dart
DA:24,1
DA:26,0
DA:27,0
DA:44,0
DA:46,0
DA:48,0
DA:49,0
DA:51,0
DA:54,0
DA:55,0
DA:69,0
DA:71,0
DA:73,0
DA:74,0
DA:76,0
DA:82,0
DA:84,0
DA:85,0
DA:86,0
DA:87,0
DA:90,0
DA:91,0
DA:92,0
DA:95,0
DA:96,0
DA:100,0
DA:102,0
DA:108,0
DA:122,0
DA:123,0
DA:124,0
DA:125,0
DA:128,0
DA:129,0
DA:145,0
DA:146,0
DA:147,0
DA:149,0
DA:151,0
DA:153,0
DA:154,0
DA:156,0
DA:158,0
DA:159,0
DA:160,0
DA:162,0
DA:163,0
DA:167,0
DA:170,0
DA:178,0
DA:179,0
DA:180,0
DA:181,0
DA:182,0
DA:185,0
DA:187,0
DA:189,0
DA:190,0
DA:196,0
DA:197,0
DA:198,0
DA:199,0
DA:202,0
DA:203,0
DA:204,0
DA:207,0
DA:215,0
DA:216,0
DA:218,0
DA:219,0
DA:220,0
DA:221,0
DA:222,0
DA:223,0
DA:224,0
DA:225,0
DA:227,0
DA:228,0
DA:231,0
DA:237,0
DA:251,0
DA:252,0
DA:253,0
DA:255,0
DA:257,0
DA:258,0
DA:277,0
DA:278,0
DA:287,0
DA:288,0
DA:291,0
DA:293,0
DA:294,0
DA:295,0
DA:296,0
DA:297,0
DA:300,0
DA:301,0
DA:302,0
DA:303,0
DA:304,0
DA:310,0
DA:311,0
DA:312,0
DA:314,0
DA:315,0
DA:316,0
DA:317,0
DA:318,0
DA:321,0
DA:322,0
DA:323,0
DA:324,0
DA:328,0
DA:331,0
DA:333,0
DA:341,0
DA:367,0
DA:373,0
DA:377,0
DA:378,0
DA:383,0
DA:384,0
DA:385,0
DA:386,0
DA:390,0
DA:391,0
DA:396,0
DA:397,0
DA:399,0
DA:402,0
DA:403,0
DA:404,0
DA:406,0
DA:407,0
DA:408,0
DA:409,0
DA:410,0
DA:413,0
DA:414,0
DA:421,0
DA:422,0
DA:424,0
DA:427,0
DA:428,0
DA:429,0
DA:430,0
DA:432,0
DA:434,0
DA:435,0
DA:437,0
DA:438,0
DA:439,0
DA:442,0
DA:444,0
DA:445,0
DA:446,0
DA:447,0
DA:448,0
DA:449,0
DA:450,0
DA:453,0
DA:454,0
DA:465,0
DA:467,0
DA:468,0
DA:470,0
DA:473,0
DA:479,0
DA:480,0
DA:482,0
DA:485,0
DA:494,0
DA:510,0
DA:512,0
DA:513,0
DA:514,0
DA:515,0
DA:516,0
DA:517,0
DA:518,0
DA:519,0
DA:520,0
DA:521,0
DA:522,0
DA:523,0
DA:524,0
DA:526,0
DA:531,0
DA:532,0
DA:534,0
DA:535,0
DA:536,0
DA:537,0
DA:538,0
LF:195
LH:1
end_of_record
SF:lib\src\pages\pages\homelist.dart
DA:5,0
DA:13,0
LF:2
LH:0
end_of_record
SF:lib\src\pages\pages\task_screen.dart
DA:13,1
DA:15,0
DA:16,0
DA:22,0
DA:24,0
DA:25,0
DA:26,0
DA:29,0
DA:31,0
DA:33,0
DA:42,0
DA:44,0
DA:46,0
DA:52,0
DA:53,0
DA:54,0
DA:55,0
DA:57,0
DA:58,0
DA:59,0
DA:61,0
DA:62,0
DA:64,0
DA:65,0
DA:66,0
DA:68,0
DA:70,0
DA:71,0
DA:76,0
DA:78,0
DA:80,0
DA:81,0
DA:86,0
DA:95,0
DA:97,0
DA:99,0
DA:106,0
DA:122,0
DA:123,0
DA:124,0
DA:125,0
DA:132,0
DA:133,0
DA:134,0
DA:140,0
DA:141,0
DA:143,0
DA:145,0
DA:147,0
DA:148,0
DA:149,0
DA:150,0
DA:151,0
DA:153,0
DA:155,0
DA:156,0
DA:157,0
DA:158,0
DA:159,0
DA:160,0
DA:161,0
DA:162,0
DA:163,0
DA:164,0
DA:165,0
DA:166,0
DA:167,0
DA:168,0
DA:169,0
DA:170,0
DA:171,0
DA:172,0
DA:174,0
DA:175,0
DA:177,0
DA:180,0
DA:182,0
DA:184,0
DA:186,0
DA:190,0
DA:196,0
DA:197,0
DA:199,0
DA:200,0
DA:201,0
DA:202,0
DA:203,0
DA:205,0
DA:209,0
DA:210,0
DA:212,0
DA:213,0
DA:214,0
DA:217,0
DA:218,0
DA:219,0
DA:221,0
DA:232,0
DA:233,0
DA:234,0
DA:235,0
DA:237,0
DA:238,0
DA:239,0
DA:240,0
DA:241,0
DA:242,0
DA:243,0
DA:244,0
DA:245,0
DA:246,0
DA:247,0
DA:248,0
DA:249,0
DA:250,0
DA:251,0
DA:253,0
DA:254,0
DA:265,0
DA:266,0
LF:120
LH:1
end_of_record
SF:lib\src\widgets\coming_soon.dart
DA:5,0
DA:7,0
DA:9,0
DA:10,0
DA:11,0
DA:12,0
DA:13,0
LF:7
LH:0
end_of_record
SF:lib\src\widgets\note_card.dart
DA:11,0
DA:20,0
DA:21,0
DA:25,0
DA:27,0
DA:34,0
DA:36,0
DA:39,0
DA:40,0
DA:42,0
DA:43,0
DA:44,0
DA:45,0
DA:46,0
DA:48,0
DA:49,0
DA:51,0
DA:53,0
DA:54,0
DA:63,0
DA:64,0
DA:66,0
DA:68,0
DA:69,0
DA:75,0
DA:77,0
DA:81,0
DA:83,0
DA:85,0
DA:87,0
LF:30
LH:0
end_of_record
